<?xml version="1.0" encoding="UTF-8"?>
<testsuite xmlns:xsi="http://www.w3.org/2001/XMLSchema-instance" xsi:noNamespaceSchemaLocation="https://maven.apache.org/surefire/maven-surefire-plugin/xsd/surefire-test-report.xsd" name="cucumber_options.TestRunner" time="3.882" tests="24" errors="0" skipped="0" failures="0">
  <properties>
    <property name="java.specification.version" value="15"/>
    <property name="sun.jnu.encoding" value="UTF-8"/>
    <property name="java.class.path" value="/Users/aliboztemir/Desktop/test/RestAssuredBDDTests-main/RestAssuredBDDTests-master/target/test-classes:/Users/aliboztemir/Desktop/test/RestAssuredBDDTests-main/RestAssuredBDDTests-master/target/classes:/Users/aliboztemir/.m2/repository/junit/junit/4.13.1/junit-4.13.1.jar:/Users/aliboztemir/.m2/repository/org/hamcrest/hamcrest-core/1.3/hamcrest-core-1.3.jar:/Users/aliboztemir/.m2/repository/io/cucumber/cucumber-java/6.9.1/cucumber-java-6.9.1.jar:/Users/aliboztemir/.m2/repository/io/cucumber/cucumber-core/6.9.1/cucumber-core-6.9.1.jar:/Users/aliboztemir/.m2/repository/io/cucumber/cucumber-gherkin/6.9.1/cucumber-gherkin-6.9.1.jar:/Users/aliboztemir/.m2/repository/io/cucumber/cucumber-gherkin-messages/6.9.1/cucumber-gherkin-messages-6.9.1.jar:/Users/aliboztemir/.m2/repository/io/cucumber/messages/13.2.1/messages-13.2.1.jar:/Users/aliboztemir/.m2/repository/io/cucumber/tag-expressions/3.0.0/tag-expressions-3.0.0.jar:/Users/aliboztemir/.m2/repository/io/cucumber/cucumber-expressions/10.3.0/cucumber-expressions-10.3.0.jar:/Users/aliboztemir/.m2/repository/io/cucumber/datatable/3.5.0/datatable-3.5.0.jar:/Users/aliboztemir/.m2/repository/io/cucumber/cucumber-plugin/6.9.1/cucumber-plugin-6.9.1.jar:/Users/aliboztemir/.m2/repository/io/cucumber/docstring/6.9.1/docstring-6.9.1.jar:/Users/aliboztemir/.m2/repository/io/cucumber/html-formatter/9.0.0/html-formatter-9.0.0.jar:/Users/aliboztemir/.m2/repository/io/cucumber/create-meta/2.0.4/create-meta-2.0.4.jar:/Users/aliboztemir/.m2/repository/org/apiguardian/apiguardian-api/1.1.0/apiguardian-api-1.1.0.jar:/Users/aliboztemir/.m2/repository/io/cucumber/cucumber-junit/6.9.1/cucumber-junit-6.9.1.jar:/Users/aliboztemir/.m2/repository/io/rest-assured/rest-assured/4.3.3/rest-assured-4.3.3.jar:/Users/aliboztemir/.m2/repository/org/codehaus/groovy/groovy/3.0.7/groovy-3.0.7.jar:/Users/aliboztemir/.m2/repository/org/codehaus/groovy/groovy-xml/3.0.7/groovy-xml-3.0.7.jar:/Users/aliboztemir/.m2/repository/org/apache/httpcomponents/httpclient/4.5.3/httpclient-4.5.3.jar:/Users/aliboztemir/.m2/repository/org/apache/httpcomponents/httpcore/4.4.6/httpcore-4.4.6.jar:/Users/aliboztemir/.m2/repository/commons-logging/commons-logging/1.2/commons-logging-1.2.jar:/Users/aliboztemir/.m2/repository/org/apache/httpcomponents/httpmime/4.5.3/httpmime-4.5.3.jar:/Users/aliboztemir/.m2/repository/org/hamcrest/hamcrest/2.1/hamcrest-2.1.jar:/Users/aliboztemir/.m2/repository/org/ccil/cowan/tagsoup/tagsoup/1.2.1/tagsoup-1.2.1.jar:/Users/aliboztemir/.m2/repository/io/rest-assured/json-path/4.3.3/json-path-4.3.3.jar:/Users/aliboztemir/.m2/repository/org/codehaus/groovy/groovy-json/3.0.7/groovy-json-3.0.7.jar:/Users/aliboztemir/.m2/repository/io/rest-assured/rest-assured-common/4.3.3/rest-assured-common-4.3.3.jar:/Users/aliboztemir/.m2/repository/io/rest-assured/xml-path/4.3.3/xml-path-4.3.3.jar:/Users/aliboztemir/.m2/repository/org/apache/commons/commons-lang3/3.11/commons-lang3-3.11.jar:/Users/aliboztemir/.m2/repository/jakarta/xml/bind/jakarta.xml.bind-api/2.3.3/jakarta.xml.bind-api-2.3.3.jar:/Users/aliboztemir/.m2/repository/jakarta/activation/jakarta.activation-api/1.2.2/jakarta.activation-api-1.2.2.jar:/Users/aliboztemir/.m2/repository/com/sun/xml/bind/jaxb-impl/2.3.3/jaxb-impl-2.3.3.jar:/Users/aliboztemir/.m2/repository/io/rest-assured/json-schema-validator/4.3.3/json-schema-validator-4.3.3.jar:/Users/aliboztemir/.m2/repository/com/github/java-json-tools/json-schema-validator/2.2.14/json-schema-validator-2.2.14.jar:/Users/aliboztemir/.m2/repository/com/google/guava/guava/28.2-android/guava-28.2-android.jar:/Users/aliboztemir/.m2/repository/com/google/guava/failureaccess/1.0.1/failureaccess-1.0.1.jar:/Users/aliboztemir/.m2/repository/com/google/guava/listenablefuture/9999.0-empty-to-avoid-conflict-with-guava/listenablefuture-9999.0-empty-to-avoid-conflict-with-guava.jar:/Users/aliboztemir/.m2/repository/org/checkerframework/checker-compat-qual/2.5.5/checker-compat-qual-2.5.5.jar:/Users/aliboztemir/.m2/repository/com/google/errorprone/error_prone_annotations/2.3.4/error_prone_annotations-2.3.4.jar:/Users/aliboztemir/.m2/repository/com/google/j2objc/j2objc-annotations/1.3/j2objc-annotations-1.3.jar:/Users/aliboztemir/.m2/repository/com/github/java-json-tools/jackson-coreutils-equivalence/1.0/jackson-coreutils-equivalence-1.0.jar:/Users/aliboztemir/.m2/repository/com/github/java-json-tools/jackson-coreutils/2.0/jackson-coreutils-2.0.jar:/Users/aliboztemir/.m2/repository/com/github/java-json-tools/msg-simple/1.2/msg-simple-1.2.jar:/Users/aliboztemir/.m2/repository/com/github/java-json-tools/btf/1.3/btf-1.3.jar:/Users/aliboztemir/.m2/repository/com/github/java-json-tools/json-schema-core/1.2.14/json-schema-core-1.2.14.jar:/Users/aliboztemir/.m2/repository/com/github/java-json-tools/uri-template/0.10/uri-template-0.10.jar:/Users/aliboztemir/.m2/repository/org/mozilla/rhino/1.7.7.2/rhino-1.7.7.2.jar:/Users/aliboztemir/.m2/repository/com/sun/mail/mailapi/1.6.2/mailapi-1.6.2.jar:/Users/aliboztemir/.m2/repository/joda-time/joda-time/2.10.5/joda-time-2.10.5.jar:/Users/aliboztemir/.m2/repository/com/googlecode/libphonenumber/libphonenumber/8.11.1/libphonenumber-8.11.1.jar:/Users/aliboztemir/.m2/repository/com/google/code/findbugs/jsr305/3.0.2/jsr305-3.0.2.jar:/Users/aliboztemir/.m2/repository/net/sf/jopt-simple/jopt-simple/5.0.4/jopt-simple-5.0.4.jar:/Users/aliboztemir/.m2/repository/com/beust/jcommander/1.78/jcommander-1.78.jar:/Users/aliboztemir/.m2/repository/com/fasterxml/jackson/core/jackson-databind/2.12.1/jackson-databind-2.12.1.jar:/Users/aliboztemir/.m2/repository/com/fasterxml/jackson/core/jackson-annotations/2.12.1/jackson-annotations-2.12.1.jar:/Users/aliboztemir/.m2/repository/com/fasterxml/jackson/core/jackson-core/2.12.1/jackson-core-2.12.1.jar:/Users/aliboztemir/.m2/repository/com/google/code/gson/gson/2.8.6/gson-2.8.6.jar:/Users/aliboztemir/.m2/repository/org/apache/poi/poi/4.1.2/poi-4.1.2.jar:/Users/aliboztemir/.m2/repository/commons-codec/commons-codec/1.13/commons-codec-1.13.jar:/Users/aliboztemir/.m2/repository/org/apache/commons/commons-collections4/4.4/commons-collections4-4.4.jar:/Users/aliboztemir/.m2/repository/org/apache/commons/commons-math3/3.6.1/commons-math3-3.6.1.jar:/Users/aliboztemir/.m2/repository/com/zaxxer/SparseBitSet/1.2/SparseBitSet-1.2.jar:/Users/aliboztemir/.m2/repository/org/apache/poi/poi-ooxml/4.1.2/poi-ooxml-4.1.2.jar:/Users/aliboztemir/.m2/repository/org/apache/poi/poi-ooxml-schemas/4.1.2/poi-ooxml-schemas-4.1.2.jar:/Users/aliboztemir/.m2/repository/org/apache/xmlbeans/xmlbeans/3.1.0/xmlbeans-3.1.0.jar:/Users/aliboztemir/.m2/repository/org/apache/commons/commons-compress/1.19/commons-compress-1.19.jar:/Users/aliboztemir/.m2/repository/com/github/virtuald/curvesapi/1.06/curvesapi-1.06.jar:"/>
    <property name="java.vm.vendor" value="Oracle Corporation"/>
    <property name="sun.arch.data.model" value="64"/>
    <property name="java.vendor.url" value="https://java.oracle.com/"/>
    <property name="os.name" value="Mac OS X"/>
    <property name="java.vm.specification.version" value="15"/>
    <property name="sun.java.launcher" value="SUN_STANDARD"/>
    <property name="user.country" value="TR"/>
    <property name="sun.boot.library.path" value="/Applications/Eclipse.app/Contents/Eclipse/plugins/org.eclipse.justj.openjdk.hotspot.jre.full.macosx.x86_64_15.0.2.v20210201-0955/jre/lib"/>
    <property name="sun.java.command" value="/Users/aliboztemir/Desktop/test/RestAssuredBDDTests-main/RestAssuredBDDTests-master/target/surefire/surefirebooter3671754605474485528.jar /Users/aliboztemir/Desktop/test/RestAssuredBDDTests-main/RestAssuredBDDTests-master/target/surefire 2021-06-26T13-23-03_711-jvmRun1 surefire15953954187411132202tmp surefire_08677572801119031833tmp"/>
    <property name="http.nonProxyHosts" value="local|*.local|169.254/16|*.169.254/16"/>
    <property name="jdk.debug" value="release"/>
    <property name="surefire.test.class.path" value="/Users/aliboztemir/Desktop/test/RestAssuredBDDTests-main/RestAssuredBDDTests-master/target/test-classes:/Users/aliboztemir/Desktop/test/RestAssuredBDDTests-main/RestAssuredBDDTests-master/target/classes:/Users/aliboztemir/.m2/repository/junit/junit/4.13.1/junit-4.13.1.jar:/Users/aliboztemir/.m2/repository/org/hamcrest/hamcrest-core/1.3/hamcrest-core-1.3.jar:/Users/aliboztemir/.m2/repository/io/cucumber/cucumber-java/6.9.1/cucumber-java-6.9.1.jar:/Users/aliboztemir/.m2/repository/io/cucumber/cucumber-core/6.9.1/cucumber-core-6.9.1.jar:/Users/aliboztemir/.m2/repository/io/cucumber/cucumber-gherkin/6.9.1/cucumber-gherkin-6.9.1.jar:/Users/aliboztemir/.m2/repository/io/cucumber/cucumber-gherkin-messages/6.9.1/cucumber-gherkin-messages-6.9.1.jar:/Users/aliboztemir/.m2/repository/io/cucumber/messages/13.2.1/messages-13.2.1.jar:/Users/aliboztemir/.m2/repository/io/cucumber/tag-expressions/3.0.0/tag-expressions-3.0.0.jar:/Users/aliboztemir/.m2/repository/io/cucumber/cucumber-expressions/10.3.0/cucumber-expressions-10.3.0.jar:/Users/aliboztemir/.m2/repository/io/cucumber/datatable/3.5.0/datatable-3.5.0.jar:/Users/aliboztemir/.m2/repository/io/cucumber/cucumber-plugin/6.9.1/cucumber-plugin-6.9.1.jar:/Users/aliboztemir/.m2/repository/io/cucumber/docstring/6.9.1/docstring-6.9.1.jar:/Users/aliboztemir/.m2/repository/io/cucumber/html-formatter/9.0.0/html-formatter-9.0.0.jar:/Users/aliboztemir/.m2/repository/io/cucumber/create-meta/2.0.4/create-meta-2.0.4.jar:/Users/aliboztemir/.m2/repository/org/apiguardian/apiguardian-api/1.1.0/apiguardian-api-1.1.0.jar:/Users/aliboztemir/.m2/repository/io/cucumber/cucumber-junit/6.9.1/cucumber-junit-6.9.1.jar:/Users/aliboztemir/.m2/repository/io/rest-assured/rest-assured/4.3.3/rest-assured-4.3.3.jar:/Users/aliboztemir/.m2/repository/org/codehaus/groovy/groovy/3.0.7/groovy-3.0.7.jar:/Users/aliboztemir/.m2/repository/org/codehaus/groovy/groovy-xml/3.0.7/groovy-xml-3.0.7.jar:/Users/aliboztemir/.m2/repository/org/apache/httpcomponents/httpclient/4.5.3/httpclient-4.5.3.jar:/Users/aliboztemir/.m2/repository/org/apache/httpcomponents/httpcore/4.4.6/httpcore-4.4.6.jar:/Users/aliboztemir/.m2/repository/commons-logging/commons-logging/1.2/commons-logging-1.2.jar:/Users/aliboztemir/.m2/repository/org/apache/httpcomponents/httpmime/4.5.3/httpmime-4.5.3.jar:/Users/aliboztemir/.m2/repository/org/hamcrest/hamcrest/2.1/hamcrest-2.1.jar:/Users/aliboztemir/.m2/repository/org/ccil/cowan/tagsoup/tagsoup/1.2.1/tagsoup-1.2.1.jar:/Users/aliboztemir/.m2/repository/io/rest-assured/json-path/4.3.3/json-path-4.3.3.jar:/Users/aliboztemir/.m2/repository/org/codehaus/groovy/groovy-json/3.0.7/groovy-json-3.0.7.jar:/Users/aliboztemir/.m2/repository/io/rest-assured/rest-assured-common/4.3.3/rest-assured-common-4.3.3.jar:/Users/aliboztemir/.m2/repository/io/rest-assured/xml-path/4.3.3/xml-path-4.3.3.jar:/Users/aliboztemir/.m2/repository/org/apache/commons/commons-lang3/3.11/commons-lang3-3.11.jar:/Users/aliboztemir/.m2/repository/jakarta/xml/bind/jakarta.xml.bind-api/2.3.3/jakarta.xml.bind-api-2.3.3.jar:/Users/aliboztemir/.m2/repository/jakarta/activation/jakarta.activation-api/1.2.2/jakarta.activation-api-1.2.2.jar:/Users/aliboztemir/.m2/repository/com/sun/xml/bind/jaxb-impl/2.3.3/jaxb-impl-2.3.3.jar:/Users/aliboztemir/.m2/repository/io/rest-assured/json-schema-validator/4.3.3/json-schema-validator-4.3.3.jar:/Users/aliboztemir/.m2/repository/com/github/java-json-tools/json-schema-validator/2.2.14/json-schema-validator-2.2.14.jar:/Users/aliboztemir/.m2/repository/com/google/guava/guava/28.2-android/guava-28.2-android.jar:/Users/aliboztemir/.m2/repository/com/google/guava/failureaccess/1.0.1/failureaccess-1.0.1.jar:/Users/aliboztemir/.m2/repository/com/google/guava/listenablefuture/9999.0-empty-to-avoid-conflict-with-guava/listenablefuture-9999.0-empty-to-avoid-conflict-with-guava.jar:/Users/aliboztemir/.m2/repository/org/checkerframework/checker-compat-qual/2.5.5/checker-compat-qual-2.5.5.jar:/Users/aliboztemir/.m2/repository/com/google/errorprone/error_prone_annotations/2.3.4/error_prone_annotations-2.3.4.jar:/Users/aliboztemir/.m2/repository/com/google/j2objc/j2objc-annotations/1.3/j2objc-annotations-1.3.jar:/Users/aliboztemir/.m2/repository/com/github/java-json-tools/jackson-coreutils-equivalence/1.0/jackson-coreutils-equivalence-1.0.jar:/Users/aliboztemir/.m2/repository/com/github/java-json-tools/jackson-coreutils/2.0/jackson-coreutils-2.0.jar:/Users/aliboztemir/.m2/repository/com/github/java-json-tools/msg-simple/1.2/msg-simple-1.2.jar:/Users/aliboztemir/.m2/repository/com/github/java-json-tools/btf/1.3/btf-1.3.jar:/Users/aliboztemir/.m2/repository/com/github/java-json-tools/json-schema-core/1.2.14/json-schema-core-1.2.14.jar:/Users/aliboztemir/.m2/repository/com/github/java-json-tools/uri-template/0.10/uri-template-0.10.jar:/Users/aliboztemir/.m2/repository/org/mozilla/rhino/1.7.7.2/rhino-1.7.7.2.jar:/Users/aliboztemir/.m2/repository/com/sun/mail/mailapi/1.6.2/mailapi-1.6.2.jar:/Users/aliboztemir/.m2/repository/joda-time/joda-time/2.10.5/joda-time-2.10.5.jar:/Users/aliboztemir/.m2/repository/com/googlecode/libphonenumber/libphonenumber/8.11.1/libphonenumber-8.11.1.jar:/Users/aliboztemir/.m2/repository/com/google/code/findbugs/jsr305/3.0.2/jsr305-3.0.2.jar:/Users/aliboztemir/.m2/repository/net/sf/jopt-simple/jopt-simple/5.0.4/jopt-simple-5.0.4.jar:/Users/aliboztemir/.m2/repository/com/beust/jcommander/1.78/jcommander-1.78.jar:/Users/aliboztemir/.m2/repository/com/fasterxml/jackson/core/jackson-databind/2.12.1/jackson-databind-2.12.1.jar:/Users/aliboztemir/.m2/repository/com/fasterxml/jackson/core/jackson-annotations/2.12.1/jackson-annotations-2.12.1.jar:/Users/aliboztemir/.m2/repository/com/fasterxml/jackson/core/jackson-core/2.12.1/jackson-core-2.12.1.jar:/Users/aliboztemir/.m2/repository/com/google/code/gson/gson/2.8.6/gson-2.8.6.jar:/Users/aliboztemir/.m2/repository/org/apache/poi/poi/4.1.2/poi-4.1.2.jar:/Users/aliboztemir/.m2/repository/commons-codec/commons-codec/1.13/commons-codec-1.13.jar:/Users/aliboztemir/.m2/repository/org/apache/commons/commons-collections4/4.4/commons-collections4-4.4.jar:/Users/aliboztemir/.m2/repository/org/apache/commons/commons-math3/3.6.1/commons-math3-3.6.1.jar:/Users/aliboztemir/.m2/repository/com/zaxxer/SparseBitSet/1.2/SparseBitSet-1.2.jar:/Users/aliboztemir/.m2/repository/org/apache/poi/poi-ooxml/4.1.2/poi-ooxml-4.1.2.jar:/Users/aliboztemir/.m2/repository/org/apache/poi/poi-ooxml-schemas/4.1.2/poi-ooxml-schemas-4.1.2.jar:/Users/aliboztemir/.m2/repository/org/apache/xmlbeans/xmlbeans/3.1.0/xmlbeans-3.1.0.jar:/Users/aliboztemir/.m2/repository/org/apache/commons/commons-compress/1.19/commons-compress-1.19.jar:/Users/aliboztemir/.m2/repository/com/github/virtuald/curvesapi/1.06/curvesapi-1.06.jar:"/>
    <property name="sun.cpu.endian" value="little"/>
    <property name="user.home" value="/Users/aliboztemir"/>
    <property name="user.language" value="en"/>
    <property name="java.specification.vendor" value="Oracle Corporation"/>
    <property name="java.version.date" value="2021-01-19"/>
    <property name="java.home" value="/Applications/Eclipse.app/Contents/Eclipse/plugins/org.eclipse.justj.openjdk.hotspot.jre.full.macosx.x86_64_15.0.2.v20210201-0955/jre"/>
    <property name="file.separator" value="/"/>
    <property name="basedir" value="/Users/aliboztemir/Desktop/test/RestAssuredBDDTests-main/RestAssuredBDDTests-master"/>
    <property name="java.vm.compressedOopsMode" value="Zero based"/>
    <property name="line.separator" value="&#10;"/>
    <property name="java.specification.name" value="Java Platform API Specification"/>
    <property name="java.vm.specification.vendor" value="Oracle Corporation"/>
    <property name="surefire.real.class.path" value="/Users/aliboztemir/Desktop/test/RestAssuredBDDTests-main/RestAssuredBDDTests-master/target/surefire/surefirebooter3671754605474485528.jar"/>
    <property name="sun.management.compiler" value="HotSpot 64-Bit Tiered Compilers"/>
    <property name="ftp.nonProxyHosts" value="local|*.local|169.254/16|*.169.254/16"/>
    <property name="java.runtime.version" value="15.0.2+7-27"/>
    <property name="user.name" value="aliboztemir"/>
    <property name="path.separator" value=":"/>
    <property name="os.version" value="10.16"/>
    <property name="java.runtime.name" value="OpenJDK Runtime Environment"/>
    <property name="file.encoding" value="UTF-8"/>
    <property name="java.vm.name" value="OpenJDK 64-Bit Server VM"/>
    <property name="localRepository" value="/Users/aliboztemir/.m2/repository"/>
    <property name="java.vendor.url.bug" value="https://bugreport.java.com/bugreport/"/>
    <property name="java.io.tmpdir" value="/var/folders/ck/5n80hn395472dtc01dsmq6kw0000gn/T/"/>
    <property name="java.version" value="15.0.2"/>
    <property name="user.dir" value="/Users/aliboztemir/Desktop/test/RestAssuredBDDTests-main/RestAssuredBDDTests-master"/>
    <property name="os.arch" value="x86_64"/>
    <property name="java.vm.specification.name" value="Java Virtual Machine Specification"/>
    <property name="java.library.path" value="/Users/aliboztemir/Library/Java/Extensions:/Library/Java/Extensions:/Network/Library/Java/Extensions:/System/Library/Java/Extensions:/usr/lib/java:."/>
    <property name="java.vm.info" value="mixed mode"/>
    <property name="java.vendor" value="Oracle Corporation"/>
    <property name="java.vm.version" value="15.0.2+7-27"/>
    <property name="sun.io.unicode.encoding" value="UnicodeBig"/>
    <property name="socksNonProxyHosts" value="local|*.local|169.254/16|*.169.254/16"/>
    <property name="java.class.version" value="59.0"/>
  </properties>
  <testcase name="Check AddTaskAPI add task empty title" classname="Negative Cases for Takeaway Task API&apos;s" time="1.034"/>
  <testcase name="Check AddTaskAPI add task null title" classname="Negative Cases for Takeaway Task API&apos;s" time="0.027"/>
  <testcase name="Check AddTaskAPI add task title with long characters" classname="Negative Cases for Takeaway Task API&apos;s" time="0.033"/>
  <testcase name="Check get task with invalid id" classname="Negative Cases for Takeaway Task API&apos;s" time="0.162"/>
  <testcase name="Check put task with invalid id" classname="Negative Cases for Takeaway Task API&apos;s" time="0.026"/>
  <testcase name="Check put task with empty title" classname="Negative Cases for Takeaway Task API&apos;s" time="0.018"/>
  <testcase name="Check put task with null title" classname="Negative Cases for Takeaway Task API&apos;s" time="0.012"/>
  <testcase name="Validate delete task with invalid id" classname="Negative Cases for Takeaway Task API&apos;s" time="0.013"/>
  <testcase name="Check AddTaskAPI without tokens" classname="Negative Cases for Takeaway Task API&apos;s" time="0.014"/>
  <testcase name="Check getTaskAPI  without tokens" classname="Negative Cases for Takeaway Task API&apos;s" time="0.012"/>
  <testcase name="Check getAllTaskAPI  without tokens" classname="Negative Cases for Takeaway Task API&apos;s" time="0.009"/>
  <testcase name="Check PutTaskAPI  without tokens" classname="Negative Cases for Takeaway Task API&apos;s" time="0.017"/>
  <testcase name="Check deleteTaskAPI  without tokens" classname="Negative Cases for Takeaway Task API&apos;s" time="0.01"/>
  <testcase name="Check AddTaskAPI with invalid endpoint" classname="Negative Cases for Takeaway Task API&apos;s" time="0.014"/>
  <testcase name="Check getTaskAPI invalid endpoint" classname="Negative Cases for Takeaway Task API&apos;s" time="0.011"/>
  <testcase name="Check getAllTaskAPI invalid endpoint" classname="Negative Cases for Takeaway Task API&apos;s" time="0.011"/>
  <testcase name="Check PutTaskAPI invalid endpoint" classname="Negative Cases for Takeaway Task API&apos;s" time="0.011"/>
  <testcase name="Check deleteTaskAPI invalid endpoint" classname="Negative Cases for Takeaway Task API&apos;s" time="0.01"/>
  <testcase name="Get a valid token" classname="Validating Takeaway Task API&apos;s" time="1.202"/>
  <testcase name="Validate AddTaskAPI add task" classname="Validating Takeaway Task API&apos;s" time="0.165"/>
  <testcase name="Validate get task with id" classname="Validating Takeaway Task API&apos;s" time="0.156"/>
  <testcase name="Validate get all tasks" classname="Validating Takeaway Task API&apos;s" time="0.208"/>
  <testcase name="Validate put task with id" classname="Validating Takeaway Task API&apos;s" time="0.116"/>
  <testcase name="Validate delete task with id" classname="Validating Takeaway Task API&apos;s" time="0.077"/>
</testsuite>